2024-09-08 22:10:49,828:WARNING:
'cuml' is a soft dependency and not included in the pycaret installation. Please run: `pip install cuml` to install.
2024-09-08 22:10:49,828:WARNING:
'cuml' is a soft dependency and not included in the pycaret installation. Please run: `pip install cuml` to install.
2024-09-08 22:10:49,829:WARNING:
'cuml' is a soft dependency and not included in the pycaret installation. Please run: `pip install cuml` to install.
2024-09-08 22:10:49,829:WARNING:
'cuml' is a soft dependency and not included in the pycaret installation. Please run: `pip install cuml` to install.
2024-09-08 22:10:49,909:INFO:PyCaret RegressionExperiment
2024-09-08 22:10:49,909:INFO:Logging name: reg-default-name
2024-09-08 22:10:49,909:INFO:ML Usecase: MLUsecase.REGRESSION
2024-09-08 22:10:49,909:INFO:version 3.2.0
2024-09-08 22:10:49,909:INFO:Initializing setup()
2024-09-08 22:10:49,909:INFO:self.USI: 1786
2024-09-08 22:10:49,909:INFO:self._variable_keys: {'X_train', 'X', 'y_test', 'logging_param', 'fold_shuffle_param', '_ml_usecase', '_available_plots', 'USI', 'html_param', 'pipeline', 'X_test', 'data', 'log_plots_param', 'target_param', 'exp_name_log', 'gpu_param', 'idx', 'memory', 'n_jobs_param', 'fold_generator', 'y', 'transform_target_param', 'seed', 'gpu_n_jobs_param', 'exp_id', 'y_train', 'fold_groups_param'}
2024-09-08 22:10:49,909:INFO:Checking environment
2024-09-08 22:10:49,909:INFO:python_version: 3.8.13
2024-09-08 22:10:49,909:INFO:python_build: ('default', 'Mar 25 2022 06:05:16')
2024-09-08 22:10:49,909:INFO:machine: arm64
2024-09-08 22:10:49,919:INFO:platform: macOS-14.2.1-arm64-arm-64bit
2024-09-08 22:10:49,920:INFO:Memory: svmem(total=8589934592, available=1630339072, percent=81.0, used=3056566272, free=62750720, active=1590280192, inactive=1440055296, wired=1466286080)
2024-09-08 22:10:49,920:INFO:Physical Core: 8
2024-09-08 22:10:49,920:INFO:Logical Core: 8
2024-09-08 22:10:49,920:INFO:Checking libraries
2024-09-08 22:10:49,920:INFO:System:
2024-09-08 22:10:49,920:INFO:    python: 3.8.13 | packaged by conda-forge | (default, Mar 25 2022, 06:05:16)  [Clang 12.0.1 ]
2024-09-08 22:10:49,920:INFO:executable: /Users/anirudhmenon/miniforge3/envs/axespace/bin/python
2024-09-08 22:10:49,920:INFO:   machine: macOS-14.2.1-arm64-arm-64bit
2024-09-08 22:10:49,920:INFO:PyCaret required dependencies:
2024-09-08 22:10:50,206:INFO:                 pip: 22.1.2
2024-09-08 22:10:50,206:INFO:          setuptools: 63.2.0
2024-09-08 22:10:50,206:INFO:             pycaret: 3.2.0
2024-09-08 22:10:50,206:INFO:             IPython: 8.12.3
2024-09-08 22:10:50,206:INFO:          ipywidgets: 7.8.4
2024-09-08 22:10:50,206:INFO:                tqdm: 4.66.5
2024-09-08 22:10:50,206:INFO:               numpy: 1.23.1
2024-09-08 22:10:50,206:INFO:              pandas: 1.4.3
2024-09-08 22:10:50,206:INFO:              jinja2: 3.0.3
2024-09-08 22:10:50,206:INFO:               scipy: 1.10.1
2024-09-08 22:10:50,206:INFO:              joblib: 1.3.2
2024-09-08 22:10:50,206:INFO:             sklearn: 1.2.2
2024-09-08 22:10:50,206:INFO:                pyod: 2.0.2
2024-09-08 22:10:50,206:INFO:            imblearn: 0.12.3
2024-09-08 22:10:50,206:INFO:   category_encoders: 2.6.3
2024-09-08 22:10:50,206:INFO:            lightgbm: 4.5.0
2024-09-08 22:10:50,206:INFO:               numba: 0.58.1
2024-09-08 22:10:50,206:INFO:            requests: 2.31.0
2024-09-08 22:10:50,206:INFO:          matplotlib: 3.5.2
2024-09-08 22:10:50,206:INFO:          scikitplot: 0.3.7
2024-09-08 22:10:50,206:INFO:         yellowbrick: 1.5
2024-09-08 22:10:50,206:INFO:              plotly: 5.24.0
2024-09-08 22:10:50,206:INFO:    plotly-resampler: Not installed
2024-09-08 22:10:50,206:INFO:             kaleido: 0.2.1
2024-09-08 22:10:50,206:INFO:           schemdraw: 0.15
2024-09-08 22:10:50,206:INFO:         statsmodels: 0.14.1
2024-09-08 22:10:50,206:INFO:              sktime: 0.21.1
2024-09-08 22:10:50,206:INFO:               tbats: 1.1.3
2024-09-08 22:10:50,206:INFO:            pmdarima: 2.0.4
2024-09-08 22:10:50,206:INFO:              psutil: 6.0.0
2024-09-08 22:10:50,206:INFO:          markupsafe: 2.1.5
2024-09-08 22:10:50,206:INFO:             pickle5: Not installed
2024-09-08 22:10:50,206:INFO:         cloudpickle: 2.1.0
2024-09-08 22:10:50,206:INFO:         deprecation: 2.1.0
2024-09-08 22:10:50,206:INFO:              xxhash: 3.5.0
2024-09-08 22:10:50,206:INFO:           wurlitzer: 3.1.1
2024-09-08 22:10:50,206:INFO:PyCaret optional dependencies:
2024-09-08 22:10:50,878:INFO:                shap: 0.44.1
2024-09-08 22:10:50,878:INFO:           interpret: 0.6.3
2024-09-08 22:10:50,878:INFO:                umap: 0.5.6
2024-09-08 22:10:50,878:INFO:     ydata_profiling: 4.6.0
2024-09-08 22:10:50,878:INFO:  explainerdashboard: 0.4.7
2024-09-08 22:10:50,878:INFO:             autoviz: Not installed
2024-09-08 22:10:50,878:INFO:           fairlearn: 0.7.0
2024-09-08 22:10:50,878:INFO:          deepchecks: Not installed
2024-09-08 22:10:50,878:INFO:             xgboost: 2.1.1
2024-09-08 22:10:50,878:INFO:            catboost: 1.1.1
2024-09-08 22:10:50,878:INFO:              kmodes: 0.12.2
2024-09-08 22:10:50,878:INFO:             mlxtend: 0.23.1
2024-09-08 22:10:50,878:INFO:       statsforecast: 1.5.0
2024-09-08 22:10:50,878:INFO:        tune_sklearn: 0.5.0
2024-09-08 22:10:50,878:INFO:                 ray: 2.10.0
2024-09-08 22:10:50,878:INFO:            hyperopt: 0.2.7
2024-09-08 22:10:50,878:INFO:              optuna: 4.0.0
2024-09-08 22:10:50,878:INFO:               skopt: 0.10.2
2024-09-08 22:10:50,878:INFO:              mlflow: 1.30.1
2024-09-08 22:10:50,878:INFO:              gradio: 3.50.2
2024-09-08 22:10:50,878:INFO:             fastapi: 0.114.0
2024-09-08 22:10:50,878:INFO:             uvicorn: 0.30.6
2024-09-08 22:10:50,878:INFO:              m2cgen: 0.10.0
2024-09-08 22:10:50,878:INFO:           evidently: 0.2.8
2024-09-08 22:10:50,878:INFO:               fugue: 0.8.6
2024-09-08 22:10:50,878:INFO:           streamlit: Not installed
2024-09-08 22:10:50,878:INFO:             prophet: Not installed
2024-09-08 22:10:50,878:INFO:None
2024-09-08 22:10:50,878:INFO:Set up data.
2024-09-08 22:10:50,883:INFO:Set up folding strategy.
2024-09-08 22:10:50,883:INFO:Set up train/test split.
2024-09-08 22:10:50,885:INFO:Set up index.
2024-09-08 22:10:50,885:INFO:Assigning column types.
2024-09-08 22:10:50,886:INFO:Engine successfully changes for model 'lr' to 'sklearn'.
2024-09-08 22:10:50,886:INFO:Engine for model 'lasso' has not been set explicitly, hence returning None.
2024-09-08 22:10:50,888:INFO:Engine for model 'ridge' has not been set explicitly, hence returning None.
2024-09-08 22:10:50,890:INFO:Engine for model 'en' has not been set explicitly, hence returning None.
2024-09-08 22:10:50,915:INFO:Engine for model 'svm' has not been set explicitly, hence returning None.
2024-09-08 22:10:50,935:INFO:Engine for model 'knn' has not been set explicitly, hence returning None.
2024-09-08 22:10:50,935:INFO:Soft dependency imported: xgboost: 2.1.1
2024-09-08 22:10:50,937:INFO:Soft dependency imported: catboost: 1.1.1
2024-09-08 22:10:50,972:INFO:Engine for model 'lasso' has not been set explicitly, hence returning None.
2024-09-08 22:10:50,974:INFO:Engine for model 'ridge' has not been set explicitly, hence returning None.
2024-09-08 22:10:50,976:INFO:Engine for model 'en' has not been set explicitly, hence returning None.
2024-09-08 22:10:51,001:INFO:Engine for model 'svm' has not been set explicitly, hence returning None.
2024-09-08 22:10:51,021:INFO:Engine for model 'knn' has not been set explicitly, hence returning None.
2024-09-08 22:10:51,021:INFO:Soft dependency imported: xgboost: 2.1.1
2024-09-08 22:10:51,022:INFO:Soft dependency imported: catboost: 1.1.1
2024-09-08 22:10:51,022:INFO:Engine successfully changes for model 'lasso' to 'sklearn'.
2024-09-08 22:10:51,024:INFO:Engine for model 'ridge' has not been set explicitly, hence returning None.
2024-09-08 22:10:51,026:INFO:Engine for model 'en' has not been set explicitly, hence returning None.
2024-09-08 22:10:51,051:INFO:Engine for model 'svm' has not been set explicitly, hence returning None.
2024-09-08 22:10:51,070:INFO:Engine for model 'knn' has not been set explicitly, hence returning None.
2024-09-08 22:10:51,071:INFO:Soft dependency imported: xgboost: 2.1.1
2024-09-08 22:10:51,072:INFO:Soft dependency imported: catboost: 1.1.1
2024-09-08 22:10:51,074:INFO:Engine for model 'ridge' has not been set explicitly, hence returning None.
2024-09-08 22:10:51,076:INFO:Engine for model 'en' has not been set explicitly, hence returning None.
2024-09-08 22:10:51,101:INFO:Engine for model 'svm' has not been set explicitly, hence returning None.
2024-09-08 22:10:51,120:INFO:Engine for model 'knn' has not been set explicitly, hence returning None.
2024-09-08 22:10:51,121:INFO:Soft dependency imported: xgboost: 2.1.1
2024-09-08 22:10:51,122:INFO:Soft dependency imported: catboost: 1.1.1
2024-09-08 22:10:51,122:INFO:Engine successfully changes for model 'ridge' to 'sklearn'.
2024-09-08 22:10:51,126:INFO:Engine for model 'en' has not been set explicitly, hence returning None.
2024-09-08 22:10:51,151:INFO:Engine for model 'svm' has not been set explicitly, hence returning None.
2024-09-08 22:10:51,170:INFO:Engine for model 'knn' has not been set explicitly, hence returning None.
2024-09-08 22:10:51,170:INFO:Soft dependency imported: xgboost: 2.1.1
2024-09-08 22:10:51,171:INFO:Soft dependency imported: catboost: 1.1.1
2024-09-08 22:10:51,176:INFO:Engine for model 'en' has not been set explicitly, hence returning None.
2024-09-08 22:10:51,200:INFO:Engine for model 'svm' has not been set explicitly, hence returning None.
2024-09-08 22:10:51,220:INFO:Engine for model 'knn' has not been set explicitly, hence returning None.
2024-09-08 22:10:51,220:INFO:Soft dependency imported: xgboost: 2.1.1
2024-09-08 22:10:51,221:INFO:Soft dependency imported: catboost: 1.1.1
2024-09-08 22:10:51,221:INFO:Engine successfully changes for model 'en' to 'sklearn'.
2024-09-08 22:10:51,250:INFO:Engine for model 'svm' has not been set explicitly, hence returning None.
2024-09-08 22:10:51,269:INFO:Engine for model 'knn' has not been set explicitly, hence returning None.
2024-09-08 22:10:51,269:INFO:Soft dependency imported: xgboost: 2.1.1
2024-09-08 22:10:51,270:INFO:Soft dependency imported: catboost: 1.1.1
2024-09-08 22:10:51,299:INFO:Engine for model 'svm' has not been set explicitly, hence returning None.
2024-09-08 22:10:51,319:INFO:Engine for model 'knn' has not been set explicitly, hence returning None.
2024-09-08 22:10:51,319:INFO:Soft dependency imported: xgboost: 2.1.1
2024-09-08 22:10:51,320:INFO:Soft dependency imported: catboost: 1.1.1
2024-09-08 22:10:51,320:INFO:Engine successfully changes for model 'knn' to 'sklearn'.
2024-09-08 22:10:51,349:INFO:Engine for model 'svm' has not been set explicitly, hence returning None.
2024-09-08 22:10:51,369:INFO:Soft dependency imported: xgboost: 2.1.1
2024-09-08 22:10:51,370:INFO:Soft dependency imported: catboost: 1.1.1
2024-09-08 22:10:51,399:INFO:Engine for model 'svm' has not been set explicitly, hence returning None.
2024-09-08 22:10:51,419:INFO:Soft dependency imported: xgboost: 2.1.1
2024-09-08 22:10:51,420:INFO:Soft dependency imported: catboost: 1.1.1
2024-09-08 22:10:51,420:INFO:Engine successfully changes for model 'svm' to 'sklearn'.
2024-09-08 22:10:51,468:INFO:Soft dependency imported: xgboost: 2.1.1
2024-09-08 22:10:51,470:INFO:Soft dependency imported: catboost: 1.1.1
2024-09-08 22:10:51,518:INFO:Soft dependency imported: xgboost: 2.1.1
2024-09-08 22:10:51,519:INFO:Soft dependency imported: catboost: 1.1.1
2024-09-08 22:10:51,521:INFO:Preparing preprocessing pipeline...
2024-09-08 22:10:51,521:INFO:Set up simple imputation.
2024-09-08 22:10:51,521:INFO:Set up feature normalization.
2024-09-08 22:10:51,521:INFO:Set up column name cleaning.
2024-09-08 22:10:51,533:INFO:Finished creating preprocessing pipeline.
2024-09-08 22:10:51,535:INFO:Pipeline: Pipeline(memory=FastMemory(location=/var/folders/wy/jnvc0nfs4qg1_ygx56n1_lqm0000gn/T/joblib),
         steps=[('numerical_imputer',
                 TransformerWrapper(include=['Unnamed: 0', 'crim', 'zn', 'chas',
                                             'nox', 'rm', 'age', 'dis', 'rad',
                                             'ptratio', 'b', 'lstat'],
                                    transformer=SimpleImputer())),
                ('categorical_imputer',
                 TransformerWrapper(include=[],
                                    transformer=SimpleImputer(strategy='most_frequent'))),
                ('normalize', TransformerWrapper(transformer=StandardScaler())),
                ('clean_column_names',
                 TransformerWrapper(transformer=CleanColumnNames()))])
2024-09-08 22:10:51,536:INFO:Creating final display dataframe.
2024-09-08 22:10:51,576:INFO:Setup _display_container:                     Description             Value
0                    Session id              5511
1                        Target              medv
2                   Target type        Regression
3           Original data shape         (394, 13)
4        Transformed data shape         (394, 13)
5   Transformed train set shape         (275, 13)
6    Transformed test set shape         (119, 13)
7              Numeric features                12
8                    Preprocess              True
9               Imputation type            simple
10           Numeric imputation              mean
11       Categorical imputation              mode
12                    Normalize              True
13             Normalize method            zscore
14               Fold Generator             KFold
15                  Fold Number                10
16                     CPU Jobs                -1
17                      Use GPU             False
18               Log Experiment             False
19              Experiment Name  reg-default-name
20                          USI              1786
2024-09-08 22:10:51,629:INFO:Soft dependency imported: xgboost: 2.1.1
2024-09-08 22:10:51,630:INFO:Soft dependency imported: catboost: 1.1.1
2024-09-08 22:10:51,679:INFO:Soft dependency imported: xgboost: 2.1.1
2024-09-08 22:10:51,680:INFO:Soft dependency imported: catboost: 1.1.1
2024-09-08 22:10:51,680:INFO:setup() successfully completed in 1.77s...............
2024-09-08 22:10:51,681:INFO:Initializing compare_models()
2024-09-08 22:10:51,681:INFO:compare_models(self=<pycaret.regression.oop.RegressionExperiment object at 0x100b73e80>, include=None, fold=None, round=4, cross_validation=True, sort=R2, n_select=5, budget_time=None, turbo=True, errors=ignore, fit_kwargs=None, groups=None, experiment_custom_tags=None, probability_threshold=None, verbose=True, parallel=None, caller_params={'self': <pycaret.regression.oop.RegressionExperiment object at 0x100b73e80>, 'include': None, 'exclude': None, 'fold': None, 'round': 4, 'cross_validation': True, 'sort': 'R2', 'n_select': 5, 'budget_time': None, 'turbo': True, 'errors': 'ignore', 'fit_kwargs': None, 'groups': None, 'experiment_custom_tags': None, 'engine': None, 'verbose': True, 'parallel': None, '__class__': <class 'pycaret.regression.oop.RegressionExperiment'>}, exclude=None)
2024-09-08 22:10:51,681:INFO:Checking exceptions
2024-09-08 22:10:51,681:INFO:Preparing display monitor
2024-09-08 22:10:51,699:INFO:Initializing Linear Regression
2024-09-08 22:10:51,699:INFO:Total runtime is 3.45309575398763e-06 minutes
2024-09-08 22:10:51,699:INFO:SubProcess create_model() called ==================================
2024-09-08 22:10:51,699:INFO:Initializing create_model()
2024-09-08 22:10:51,699:INFO:create_model(self=<pycaret.regression.oop.RegressionExperiment object at 0x100b73e80>, estimator=lr, fold=KFold(n_splits=10, random_state=None, shuffle=False), round=4, cross_validation=True, predict=True, fit_kwargs={}, groups=None, refit=False, probability_threshold=None, experiment_custom_tags=None, verbose=False, system=False, add_to_model_list=True, metrics=None, display=<pycaret.internal.display.display.CommonDisplay object at 0x172c0bd00>, model_only=True, return_train_score=False, error_score=0.0, kwargs={})
2024-09-08 22:10:51,699:INFO:Checking exceptions
2024-09-08 22:10:51,699:INFO:Importing libraries
2024-09-08 22:10:51,699:INFO:Copying training dataset
2024-09-08 22:10:51,701:INFO:Defining folds
2024-09-08 22:10:51,701:INFO:Declaring metric variables
2024-09-08 22:10:51,701:INFO:Importing untrained model
2024-09-08 22:10:51,701:INFO:Linear Regression Imported successfully
2024-09-08 22:10:51,702:INFO:Starting cross validation
2024-09-08 22:10:51,704:INFO:Cross validating with KFold(n_splits=10, random_state=None, shuffle=False), n_jobs=-1
2024-09-08 22:10:55,637:INFO:Calculating mean and std
2024-09-08 22:10:55,639:INFO:Creating metrics dataframe
2024-09-08 22:10:55,644:INFO:Uploading results into container
2024-09-08 22:10:55,645:INFO:Uploading model into container now
2024-09-08 22:10:55,646:INFO:_master_model_container: 1
2024-09-08 22:10:55,646:INFO:_display_container: 2
2024-09-08 22:10:55,647:INFO:LinearRegression(n_jobs=-1)
2024-09-08 22:10:55,647:INFO:create_model() successfully completed......................................
2024-09-08 22:10:55,788:INFO:SubProcess create_model() end ==================================
2024-09-08 22:10:55,788:INFO:Creating metrics dataframe
2024-09-08 22:10:55,790:INFO:Initializing Lasso Regression
2024-09-08 22:10:55,790:INFO:Total runtime is 0.06819518407185872 minutes
2024-09-08 22:10:55,790:INFO:SubProcess create_model() called ==================================
2024-09-08 22:10:55,791:INFO:Initializing create_model()
2024-09-08 22:10:55,791:INFO:create_model(self=<pycaret.regression.oop.RegressionExperiment object at 0x100b73e80>, estimator=lasso, fold=KFold(n_splits=10, random_state=None, shuffle=False), round=4, cross_validation=True, predict=True, fit_kwargs={}, groups=None, refit=False, probability_threshold=None, experiment_custom_tags=None, verbose=False, system=False, add_to_model_list=True, metrics=None, display=<pycaret.internal.display.display.CommonDisplay object at 0x172c0bd00>, model_only=True, return_train_score=False, error_score=0.0, kwargs={})
2024-09-08 22:10:55,791:INFO:Checking exceptions
2024-09-08 22:10:55,791:INFO:Importing libraries
2024-09-08 22:10:55,791:INFO:Copying training dataset
2024-09-08 22:10:55,792:INFO:Defining folds
2024-09-08 22:10:55,792:INFO:Declaring metric variables
2024-09-08 22:10:55,792:INFO:Importing untrained model
2024-09-08 22:10:55,792:INFO:Lasso Regression Imported successfully
2024-09-08 22:10:55,792:INFO:Starting cross validation
2024-09-08 22:10:55,793:INFO:Cross validating with KFold(n_splits=10, random_state=None, shuffle=False), n_jobs=-1
2024-09-08 22:10:55,838:INFO:Calculating mean and std
2024-09-08 22:10:55,839:INFO:Creating metrics dataframe
2024-09-08 22:10:55,840:INFO:Uploading results into container
2024-09-08 22:10:55,840:INFO:Uploading model into container now
2024-09-08 22:10:55,840:INFO:_master_model_container: 2
2024-09-08 22:10:55,840:INFO:_display_container: 2
2024-09-08 22:10:55,840:INFO:Lasso(random_state=5511)
2024-09-08 22:10:55,840:INFO:create_model() successfully completed......................................
2024-09-08 22:10:55,898:INFO:SubProcess create_model() end ==================================
2024-09-08 22:10:55,898:INFO:Creating metrics dataframe
2024-09-08 22:10:55,900:INFO:Initializing Ridge Regression
2024-09-08 22:10:55,900:INFO:Total runtime is 0.07002795139948527 minutes
2024-09-08 22:10:55,900:INFO:SubProcess create_model() called ==================================
2024-09-08 22:10:55,900:INFO:Initializing create_model()
2024-09-08 22:10:55,900:INFO:create_model(self=<pycaret.regression.oop.RegressionExperiment object at 0x100b73e80>, estimator=ridge, fold=KFold(n_splits=10, random_state=None, shuffle=False), round=4, cross_validation=True, predict=True, fit_kwargs={}, groups=None, refit=False, probability_threshold=None, experiment_custom_tags=None, verbose=False, system=False, add_to_model_list=True, metrics=None, display=<pycaret.internal.display.display.CommonDisplay object at 0x172c0bd00>, model_only=True, return_train_score=False, error_score=0.0, kwargs={})
2024-09-08 22:10:55,901:INFO:Checking exceptions
2024-09-08 22:10:55,901:INFO:Importing libraries
2024-09-08 22:10:55,901:INFO:Copying training dataset
2024-09-08 22:10:55,902:INFO:Defining folds
2024-09-08 22:10:55,902:INFO:Declaring metric variables
2024-09-08 22:10:55,902:INFO:Importing untrained model
2024-09-08 22:10:55,902:INFO:Ridge Regression Imported successfully
2024-09-08 22:10:55,902:INFO:Starting cross validation
2024-09-08 22:10:55,902:INFO:Cross validating with KFold(n_splits=10, random_state=None, shuffle=False), n_jobs=-1
2024-09-08 22:10:55,945:INFO:Calculating mean and std
2024-09-08 22:10:55,945:INFO:Creating metrics dataframe
2024-09-08 22:10:55,947:INFO:Uploading results into container
2024-09-08 22:10:55,947:INFO:Uploading model into container now
2024-09-08 22:10:55,947:INFO:_master_model_container: 3
2024-09-08 22:10:55,947:INFO:_display_container: 2
2024-09-08 22:10:55,947:INFO:Ridge(random_state=5511)
2024-09-08 22:10:55,947:INFO:create_model() successfully completed......................................
2024-09-08 22:10:56,003:INFO:SubProcess create_model() end ==================================
2024-09-08 22:10:56,003:INFO:Creating metrics dataframe
2024-09-08 22:10:56,005:INFO:Initializing Elastic Net
2024-09-08 22:10:56,005:INFO:Total runtime is 0.0717780868212382 minutes
2024-09-08 22:10:56,005:INFO:SubProcess create_model() called ==================================
2024-09-08 22:10:56,005:INFO:Initializing create_model()
2024-09-08 22:10:56,006:INFO:create_model(self=<pycaret.regression.oop.RegressionExperiment object at 0x100b73e80>, estimator=en, fold=KFold(n_splits=10, random_state=None, shuffle=False), round=4, cross_validation=True, predict=True, fit_kwargs={}, groups=None, refit=False, probability_threshold=None, experiment_custom_tags=None, verbose=False, system=False, add_to_model_list=True, metrics=None, display=<pycaret.internal.display.display.CommonDisplay object at 0x172c0bd00>, model_only=True, return_train_score=False, error_score=0.0, kwargs={})
2024-09-08 22:10:56,006:INFO:Checking exceptions
2024-09-08 22:10:56,006:INFO:Importing libraries
2024-09-08 22:10:56,006:INFO:Copying training dataset
2024-09-08 22:10:56,007:INFO:Defining folds
2024-09-08 22:10:56,007:INFO:Declaring metric variables
2024-09-08 22:10:56,007:INFO:Importing untrained model
2024-09-08 22:10:56,007:INFO:Elastic Net Imported successfully
2024-09-08 22:10:56,007:INFO:Starting cross validation
2024-09-08 22:10:56,008:INFO:Cross validating with KFold(n_splits=10, random_state=None, shuffle=False), n_jobs=-1
2024-09-08 22:10:56,057:INFO:Calculating mean and std
2024-09-08 22:10:56,057:INFO:Creating metrics dataframe
2024-09-08 22:10:56,059:INFO:Uploading results into container
2024-09-08 22:10:56,059:INFO:Uploading model into container now
2024-09-08 22:10:56,059:INFO:_master_model_container: 4
2024-09-08 22:10:56,059:INFO:_display_container: 2
2024-09-08 22:10:56,059:INFO:ElasticNet(random_state=5511)
2024-09-08 22:10:56,059:INFO:create_model() successfully completed......................................
2024-09-08 22:10:56,115:INFO:SubProcess create_model() end ==================================
2024-09-08 22:10:56,115:INFO:Creating metrics dataframe
2024-09-08 22:10:56,117:INFO:Initializing Least Angle Regression
2024-09-08 22:10:56,117:INFO:Total runtime is 0.0736420710881551 minutes
2024-09-08 22:10:56,117:INFO:SubProcess create_model() called ==================================
2024-09-08 22:10:56,117:INFO:Initializing create_model()
2024-09-08 22:10:56,117:INFO:create_model(self=<pycaret.regression.oop.RegressionExperiment object at 0x100b73e80>, estimator=lar, fold=KFold(n_splits=10, random_state=None, shuffle=False), round=4, cross_validation=True, predict=True, fit_kwargs={}, groups=None, refit=False, probability_threshold=None, experiment_custom_tags=None, verbose=False, system=False, add_to_model_list=True, metrics=None, display=<pycaret.internal.display.display.CommonDisplay object at 0x172c0bd00>, model_only=True, return_train_score=False, error_score=0.0, kwargs={})
2024-09-08 22:10:56,117:INFO:Checking exceptions
2024-09-08 22:10:56,117:INFO:Importing libraries
2024-09-08 22:10:56,117:INFO:Copying training dataset
2024-09-08 22:10:56,119:INFO:Defining folds
2024-09-08 22:10:56,119:INFO:Declaring metric variables
2024-09-08 22:10:56,119:INFO:Importing untrained model
2024-09-08 22:10:56,119:INFO:Least Angle Regression Imported successfully
2024-09-08 22:10:56,119:INFO:Starting cross validation
2024-09-08 22:10:56,119:INFO:Cross validating with KFold(n_splits=10, random_state=None, shuffle=False), n_jobs=-1
2024-09-08 22:10:56,172:INFO:Calculating mean and std
2024-09-08 22:10:56,172:INFO:Creating metrics dataframe
2024-09-08 22:10:56,173:INFO:Uploading results into container
2024-09-08 22:10:56,173:INFO:Uploading model into container now
2024-09-08 22:10:56,173:INFO:_master_model_container: 5
2024-09-08 22:10:56,173:INFO:_display_container: 2
2024-09-08 22:10:56,174:INFO:Lars(random_state=5511)
2024-09-08 22:10:56,174:INFO:create_model() successfully completed......................................
2024-09-08 22:10:56,230:INFO:SubProcess create_model() end ==================================
2024-09-08 22:10:56,230:INFO:Creating metrics dataframe
2024-09-08 22:10:56,232:INFO:Initializing Lasso Least Angle Regression
2024-09-08 22:10:56,232:INFO:Total runtime is 0.07554900248845417 minutes
2024-09-08 22:10:56,232:INFO:SubProcess create_model() called ==================================
2024-09-08 22:10:56,232:INFO:Initializing create_model()
2024-09-08 22:10:56,232:INFO:create_model(self=<pycaret.regression.oop.RegressionExperiment object at 0x100b73e80>, estimator=llar, fold=KFold(n_splits=10, random_state=None, shuffle=False), round=4, cross_validation=True, predict=True, fit_kwargs={}, groups=None, refit=False, probability_threshold=None, experiment_custom_tags=None, verbose=False, system=False, add_to_model_list=True, metrics=None, display=<pycaret.internal.display.display.CommonDisplay object at 0x172c0bd00>, model_only=True, return_train_score=False, error_score=0.0, kwargs={})
2024-09-08 22:10:56,232:INFO:Checking exceptions
2024-09-08 22:10:56,232:INFO:Importing libraries
2024-09-08 22:10:56,232:INFO:Copying training dataset
2024-09-08 22:10:56,233:INFO:Defining folds
2024-09-08 22:10:56,233:INFO:Declaring metric variables
2024-09-08 22:10:56,233:INFO:Importing untrained model
2024-09-08 22:10:56,233:INFO:Lasso Least Angle Regression Imported successfully
2024-09-08 22:10:56,233:INFO:Starting cross validation
2024-09-08 22:10:56,234:INFO:Cross validating with KFold(n_splits=10, random_state=None, shuffle=False), n_jobs=-1
2024-09-08 22:10:56,284:INFO:Calculating mean and std
2024-09-08 22:10:56,284:INFO:Creating metrics dataframe
2024-09-08 22:10:56,285:INFO:Uploading results into container
2024-09-08 22:10:56,286:INFO:Uploading model into container now
2024-09-08 22:10:56,286:INFO:_master_model_container: 6
2024-09-08 22:10:56,286:INFO:_display_container: 2
2024-09-08 22:10:56,286:INFO:LassoLars(random_state=5511)
2024-09-08 22:10:56,286:INFO:create_model() successfully completed......................................
2024-09-08 22:10:56,345:INFO:SubProcess create_model() end ==================================
2024-09-08 22:10:56,345:INFO:Creating metrics dataframe
2024-09-08 22:10:56,347:INFO:Initializing Orthogonal Matching Pursuit
2024-09-08 22:10:56,347:INFO:Total runtime is 0.07747745513916014 minutes
2024-09-08 22:10:56,347:INFO:SubProcess create_model() called ==================================
2024-09-08 22:10:56,347:INFO:Initializing create_model()
2024-09-08 22:10:56,347:INFO:create_model(self=<pycaret.regression.oop.RegressionExperiment object at 0x100b73e80>, estimator=omp, fold=KFold(n_splits=10, random_state=None, shuffle=False), round=4, cross_validation=True, predict=True, fit_kwargs={}, groups=None, refit=False, probability_threshold=None, experiment_custom_tags=None, verbose=False, system=False, add_to_model_list=True, metrics=None, display=<pycaret.internal.display.display.CommonDisplay object at 0x172c0bd00>, model_only=True, return_train_score=False, error_score=0.0, kwargs={})
2024-09-08 22:10:56,348:INFO:Checking exceptions
2024-09-08 22:10:56,348:INFO:Importing libraries
2024-09-08 22:10:56,348:INFO:Copying training dataset
2024-09-08 22:10:56,349:INFO:Defining folds
2024-09-08 22:10:56,349:INFO:Declaring metric variables
2024-09-08 22:10:56,349:INFO:Importing untrained model
2024-09-08 22:10:56,349:INFO:Orthogonal Matching Pursuit Imported successfully
2024-09-08 22:10:56,349:INFO:Starting cross validation
2024-09-08 22:10:56,349:INFO:Cross validating with KFold(n_splits=10, random_state=None, shuffle=False), n_jobs=-1
2024-09-08 22:10:56,398:INFO:Calculating mean and std
2024-09-08 22:10:56,398:INFO:Creating metrics dataframe
2024-09-08 22:10:56,400:INFO:Uploading results into container
2024-09-08 22:10:56,400:INFO:Uploading model into container now
2024-09-08 22:10:56,400:INFO:_master_model_container: 7
2024-09-08 22:10:56,400:INFO:_display_container: 2
2024-09-08 22:10:56,400:INFO:OrthogonalMatchingPursuit()
2024-09-08 22:10:56,400:INFO:create_model() successfully completed......................................
2024-09-08 22:10:56,458:INFO:SubProcess create_model() end ==================================
2024-09-08 22:10:56,459:INFO:Creating metrics dataframe
2024-09-08 22:10:56,460:INFO:Initializing Bayesian Ridge
2024-09-08 22:10:56,460:INFO:Total runtime is 0.07936190366744994 minutes
2024-09-08 22:10:56,460:INFO:SubProcess create_model() called ==================================
2024-09-08 22:10:56,461:INFO:Initializing create_model()
2024-09-08 22:10:56,461:INFO:create_model(self=<pycaret.regression.oop.RegressionExperiment object at 0x100b73e80>, estimator=br, fold=KFold(n_splits=10, random_state=None, shuffle=False), round=4, cross_validation=True, predict=True, fit_kwargs={}, groups=None, refit=False, probability_threshold=None, experiment_custom_tags=None, verbose=False, system=False, add_to_model_list=True, metrics=None, display=<pycaret.internal.display.display.CommonDisplay object at 0x172c0bd00>, model_only=True, return_train_score=False, error_score=0.0, kwargs={})
2024-09-08 22:10:56,461:INFO:Checking exceptions
2024-09-08 22:10:56,461:INFO:Importing libraries
2024-09-08 22:10:56,461:INFO:Copying training dataset
2024-09-08 22:10:56,462:INFO:Defining folds
2024-09-08 22:10:56,462:INFO:Declaring metric variables
2024-09-08 22:10:56,462:INFO:Importing untrained model
2024-09-08 22:10:56,462:INFO:Bayesian Ridge Imported successfully
2024-09-08 22:10:56,462:INFO:Starting cross validation
2024-09-08 22:10:56,463:INFO:Cross validating with KFold(n_splits=10, random_state=None, shuffle=False), n_jobs=-1
2024-09-08 22:10:56,517:INFO:Calculating mean and std
2024-09-08 22:10:56,517:INFO:Creating metrics dataframe
2024-09-08 22:10:56,518:INFO:Uploading results into container
2024-09-08 22:10:56,519:INFO:Uploading model into container now
2024-09-08 22:10:56,519:INFO:_master_model_container: 8
2024-09-08 22:10:56,519:INFO:_display_container: 2
2024-09-08 22:10:56,519:INFO:BayesianRidge()
2024-09-08 22:10:56,519:INFO:create_model() successfully completed......................................
2024-09-08 22:10:56,575:INFO:SubProcess create_model() end ==================================
2024-09-08 22:10:56,575:INFO:Creating metrics dataframe
2024-09-08 22:10:56,577:INFO:Initializing Passive Aggressive Regressor
2024-09-08 22:10:56,577:INFO:Total runtime is 0.08130976756413777 minutes
2024-09-08 22:10:56,577:INFO:SubProcess create_model() called ==================================
2024-09-08 22:10:56,577:INFO:Initializing create_model()
2024-09-08 22:10:56,577:INFO:create_model(self=<pycaret.regression.oop.RegressionExperiment object at 0x100b73e80>, estimator=par, fold=KFold(n_splits=10, random_state=None, shuffle=False), round=4, cross_validation=True, predict=True, fit_kwargs={}, groups=None, refit=False, probability_threshold=None, experiment_custom_tags=None, verbose=False, system=False, add_to_model_list=True, metrics=None, display=<pycaret.internal.display.display.CommonDisplay object at 0x172c0bd00>, model_only=True, return_train_score=False, error_score=0.0, kwargs={})
2024-09-08 22:10:56,577:INFO:Checking exceptions
2024-09-08 22:10:56,577:INFO:Importing libraries
2024-09-08 22:10:56,577:INFO:Copying training dataset
2024-09-08 22:10:56,579:INFO:Defining folds
2024-09-08 22:10:56,579:INFO:Declaring metric variables
2024-09-08 22:10:56,579:INFO:Importing untrained model
2024-09-08 22:10:56,579:INFO:Passive Aggressive Regressor Imported successfully
2024-09-08 22:10:56,579:INFO:Starting cross validation
2024-09-08 22:10:56,579:INFO:Cross validating with KFold(n_splits=10, random_state=None, shuffle=False), n_jobs=-1
2024-09-08 22:10:56,622:INFO:Calculating mean and std
2024-09-08 22:10:56,622:INFO:Creating metrics dataframe
2024-09-08 22:10:56,623:INFO:Uploading results into container
2024-09-08 22:10:56,623:INFO:Uploading model into container now
2024-09-08 22:10:56,623:INFO:_master_model_container: 9
2024-09-08 22:10:56,623:INFO:_display_container: 2
2024-09-08 22:10:56,624:INFO:PassiveAggressiveRegressor(random_state=5511)
2024-09-08 22:10:56,624:INFO:create_model() successfully completed......................................
2024-09-08 22:10:56,679:INFO:SubProcess create_model() end ==================================
2024-09-08 22:10:56,679:INFO:Creating metrics dataframe
2024-09-08 22:10:56,681:INFO:Initializing Huber Regressor
2024-09-08 22:10:56,681:INFO:Total runtime is 0.08304375012715656 minutes
2024-09-08 22:10:56,681:INFO:SubProcess create_model() called ==================================
2024-09-08 22:10:56,681:INFO:Initializing create_model()
2024-09-08 22:10:56,681:INFO:create_model(self=<pycaret.regression.oop.RegressionExperiment object at 0x100b73e80>, estimator=huber, fold=KFold(n_splits=10, random_state=None, shuffle=False), round=4, cross_validation=True, predict=True, fit_kwargs={}, groups=None, refit=False, probability_threshold=None, experiment_custom_tags=None, verbose=False, system=False, add_to_model_list=True, metrics=None, display=<pycaret.internal.display.display.CommonDisplay object at 0x172c0bd00>, model_only=True, return_train_score=False, error_score=0.0, kwargs={})
2024-09-08 22:10:56,681:INFO:Checking exceptions
2024-09-08 22:10:56,681:INFO:Importing libraries
2024-09-08 22:10:56,682:INFO:Copying training dataset
2024-09-08 22:10:56,683:INFO:Defining folds
2024-09-08 22:10:56,683:INFO:Declaring metric variables
2024-09-08 22:10:56,683:INFO:Importing untrained model
2024-09-08 22:10:56,683:INFO:Huber Regressor Imported successfully
2024-09-08 22:10:56,683:INFO:Starting cross validation
2024-09-08 22:10:56,683:INFO:Cross validating with KFold(n_splits=10, random_state=None, shuffle=False), n_jobs=-1
2024-09-08 22:10:56,729:INFO:Calculating mean and std
2024-09-08 22:10:56,730:INFO:Creating metrics dataframe
2024-09-08 22:10:56,731:INFO:Uploading results into container
2024-09-08 22:10:56,731:INFO:Uploading model into container now
2024-09-08 22:10:56,731:INFO:_master_model_container: 10
2024-09-08 22:10:56,731:INFO:_display_container: 2
2024-09-08 22:10:56,731:INFO:HuberRegressor()
2024-09-08 22:10:56,731:INFO:create_model() successfully completed......................................
2024-09-08 22:10:56,787:INFO:SubProcess create_model() end ==================================
2024-09-08 22:10:56,787:INFO:Creating metrics dataframe
2024-09-08 22:10:56,789:INFO:Initializing K Neighbors Regressor
2024-09-08 22:10:56,789:INFO:Total runtime is 0.08483258485794067 minutes
2024-09-08 22:10:56,789:INFO:SubProcess create_model() called ==================================
2024-09-08 22:10:56,789:INFO:Initializing create_model()
2024-09-08 22:10:56,789:INFO:create_model(self=<pycaret.regression.oop.RegressionExperiment object at 0x100b73e80>, estimator=knn, fold=KFold(n_splits=10, random_state=None, shuffle=False), round=4, cross_validation=True, predict=True, fit_kwargs={}, groups=None, refit=False, probability_threshold=None, experiment_custom_tags=None, verbose=False, system=False, add_to_model_list=True, metrics=None, display=<pycaret.internal.display.display.CommonDisplay object at 0x172c0bd00>, model_only=True, return_train_score=False, error_score=0.0, kwargs={})
2024-09-08 22:10:56,789:INFO:Checking exceptions
2024-09-08 22:10:56,789:INFO:Importing libraries
2024-09-08 22:10:56,789:INFO:Copying training dataset
2024-09-08 22:10:56,790:INFO:Defining folds
2024-09-08 22:10:56,790:INFO:Declaring metric variables
2024-09-08 22:10:56,790:INFO:Importing untrained model
2024-09-08 22:10:56,790:INFO:K Neighbors Regressor Imported successfully
2024-09-08 22:10:56,790:INFO:Starting cross validation
2024-09-08 22:10:56,791:INFO:Cross validating with KFold(n_splits=10, random_state=None, shuffle=False), n_jobs=-1
2024-09-08 22:10:56,867:INFO:Calculating mean and std
2024-09-08 22:10:56,867:INFO:Creating metrics dataframe
2024-09-08 22:10:56,868:INFO:Uploading results into container
2024-09-08 22:10:56,869:INFO:Uploading model into container now
2024-09-08 22:10:56,869:INFO:_master_model_container: 11
2024-09-08 22:10:56,869:INFO:_display_container: 2
2024-09-08 22:10:56,869:INFO:KNeighborsRegressor(n_jobs=-1)
2024-09-08 22:10:56,869:INFO:create_model() successfully completed......................................
2024-09-08 22:10:56,929:INFO:SubProcess create_model() end ==================================
2024-09-08 22:10:56,929:INFO:Creating metrics dataframe
2024-09-08 22:10:56,930:INFO:Initializing Decision Tree Regressor
2024-09-08 22:10:56,931:INFO:Total runtime is 0.08719832102457681 minutes
2024-09-08 22:10:56,931:INFO:SubProcess create_model() called ==================================
2024-09-08 22:10:56,931:INFO:Initializing create_model()
2024-09-08 22:10:56,931:INFO:create_model(self=<pycaret.regression.oop.RegressionExperiment object at 0x100b73e80>, estimator=dt, fold=KFold(n_splits=10, random_state=None, shuffle=False), round=4, cross_validation=True, predict=True, fit_kwargs={}, groups=None, refit=False, probability_threshold=None, experiment_custom_tags=None, verbose=False, system=False, add_to_model_list=True, metrics=None, display=<pycaret.internal.display.display.CommonDisplay object at 0x172c0bd00>, model_only=True, return_train_score=False, error_score=0.0, kwargs={})
2024-09-08 22:10:56,931:INFO:Checking exceptions
2024-09-08 22:10:56,931:INFO:Importing libraries
2024-09-08 22:10:56,931:INFO:Copying training dataset
2024-09-08 22:10:56,932:INFO:Defining folds
2024-09-08 22:10:56,932:INFO:Declaring metric variables
2024-09-08 22:10:56,932:INFO:Importing untrained model
2024-09-08 22:10:56,932:INFO:Decision Tree Regressor Imported successfully
2024-09-08 22:10:56,932:INFO:Starting cross validation
2024-09-08 22:10:56,933:INFO:Cross validating with KFold(n_splits=10, random_state=None, shuffle=False), n_jobs=-1
2024-09-08 22:10:56,978:INFO:Calculating mean and std
2024-09-08 22:10:56,978:INFO:Creating metrics dataframe
2024-09-08 22:10:56,980:INFO:Uploading results into container
2024-09-08 22:10:56,980:INFO:Uploading model into container now
2024-09-08 22:10:56,980:INFO:_master_model_container: 12
2024-09-08 22:10:56,980:INFO:_display_container: 2
2024-09-08 22:10:56,980:INFO:DecisionTreeRegressor(random_state=5511)
2024-09-08 22:10:56,980:INFO:create_model() successfully completed......................................
2024-09-08 22:10:57,036:INFO:SubProcess create_model() end ==================================
2024-09-08 22:10:57,036:INFO:Creating metrics dataframe
2024-09-08 22:10:57,038:INFO:Initializing Random Forest Regressor
2024-09-08 22:10:57,038:INFO:Total runtime is 0.08898695309956867 minutes
2024-09-08 22:10:57,038:INFO:SubProcess create_model() called ==================================
2024-09-08 22:10:57,038:INFO:Initializing create_model()
2024-09-08 22:10:57,038:INFO:create_model(self=<pycaret.regression.oop.RegressionExperiment object at 0x100b73e80>, estimator=rf, fold=KFold(n_splits=10, random_state=None, shuffle=False), round=4, cross_validation=True, predict=True, fit_kwargs={}, groups=None, refit=False, probability_threshold=None, experiment_custom_tags=None, verbose=False, system=False, add_to_model_list=True, metrics=None, display=<pycaret.internal.display.display.CommonDisplay object at 0x172c0bd00>, model_only=True, return_train_score=False, error_score=0.0, kwargs={})
2024-09-08 22:10:57,038:INFO:Checking exceptions
2024-09-08 22:10:57,038:INFO:Importing libraries
2024-09-08 22:10:57,038:INFO:Copying training dataset
2024-09-08 22:10:57,039:INFO:Defining folds
2024-09-08 22:10:57,039:INFO:Declaring metric variables
2024-09-08 22:10:57,039:INFO:Importing untrained model
2024-09-08 22:10:57,040:INFO:Random Forest Regressor Imported successfully
2024-09-08 22:10:57,040:INFO:Starting cross validation
2024-09-08 22:10:57,040:INFO:Cross validating with KFold(n_splits=10, random_state=None, shuffle=False), n_jobs=-1
2024-09-08 22:10:57,379:INFO:Calculating mean and std
2024-09-08 22:10:57,379:INFO:Creating metrics dataframe
2024-09-08 22:10:57,380:INFO:Uploading results into container
2024-09-08 22:10:57,381:INFO:Uploading model into container now
2024-09-08 22:10:57,381:INFO:_master_model_container: 13
2024-09-08 22:10:57,381:INFO:_display_container: 2
2024-09-08 22:10:57,381:INFO:RandomForestRegressor(n_jobs=-1, random_state=5511)
2024-09-08 22:10:57,381:INFO:create_model() successfully completed......................................
2024-09-08 22:10:57,438:INFO:SubProcess create_model() end ==================================
2024-09-08 22:10:57,438:INFO:Creating metrics dataframe
2024-09-08 22:10:57,439:INFO:Initializing Extra Trees Regressor
2024-09-08 22:10:57,439:INFO:Total runtime is 0.09568108320236204 minutes
2024-09-08 22:10:57,440:INFO:SubProcess create_model() called ==================================
2024-09-08 22:10:57,440:INFO:Initializing create_model()
2024-09-08 22:10:57,440:INFO:create_model(self=<pycaret.regression.oop.RegressionExperiment object at 0x100b73e80>, estimator=et, fold=KFold(n_splits=10, random_state=None, shuffle=False), round=4, cross_validation=True, predict=True, fit_kwargs={}, groups=None, refit=False, probability_threshold=None, experiment_custom_tags=None, verbose=False, system=False, add_to_model_list=True, metrics=None, display=<pycaret.internal.display.display.CommonDisplay object at 0x172c0bd00>, model_only=True, return_train_score=False, error_score=0.0, kwargs={})
2024-09-08 22:10:57,440:INFO:Checking exceptions
2024-09-08 22:10:57,440:INFO:Importing libraries
2024-09-08 22:10:57,440:INFO:Copying training dataset
2024-09-08 22:10:57,441:INFO:Defining folds
2024-09-08 22:10:57,441:INFO:Declaring metric variables
2024-09-08 22:10:57,441:INFO:Importing untrained model
2024-09-08 22:10:57,441:INFO:Extra Trees Regressor Imported successfully
2024-09-08 22:10:57,441:INFO:Starting cross validation
2024-09-08 22:10:57,442:INFO:Cross validating with KFold(n_splits=10, random_state=None, shuffle=False), n_jobs=-1
2024-09-08 22:10:57,689:INFO:Calculating mean and std
2024-09-08 22:10:57,689:INFO:Creating metrics dataframe
2024-09-08 22:10:57,691:INFO:Uploading results into container
2024-09-08 22:10:57,691:INFO:Uploading model into container now
2024-09-08 22:10:57,691:INFO:_master_model_container: 14
2024-09-08 22:10:57,691:INFO:_display_container: 2
2024-09-08 22:10:57,691:INFO:ExtraTreesRegressor(n_jobs=-1, random_state=5511)
2024-09-08 22:10:57,691:INFO:create_model() successfully completed......................................
2024-09-08 22:10:57,749:INFO:SubProcess create_model() end ==================================
2024-09-08 22:10:57,749:INFO:Creating metrics dataframe
2024-09-08 22:10:57,751:INFO:Initializing AdaBoost Regressor
2024-09-08 22:10:57,751:INFO:Total runtime is 0.10087446769078572 minutes
2024-09-08 22:10:57,751:INFO:SubProcess create_model() called ==================================
2024-09-08 22:10:57,751:INFO:Initializing create_model()
2024-09-08 22:10:57,751:INFO:create_model(self=<pycaret.regression.oop.RegressionExperiment object at 0x100b73e80>, estimator=ada, fold=KFold(n_splits=10, random_state=None, shuffle=False), round=4, cross_validation=True, predict=True, fit_kwargs={}, groups=None, refit=False, probability_threshold=None, experiment_custom_tags=None, verbose=False, system=False, add_to_model_list=True, metrics=None, display=<pycaret.internal.display.display.CommonDisplay object at 0x172c0bd00>, model_only=True, return_train_score=False, error_score=0.0, kwargs={})
2024-09-08 22:10:57,751:INFO:Checking exceptions
2024-09-08 22:10:57,751:INFO:Importing libraries
2024-09-08 22:10:57,751:INFO:Copying training dataset
2024-09-08 22:10:57,752:INFO:Defining folds
2024-09-08 22:10:57,752:INFO:Declaring metric variables
2024-09-08 22:10:57,753:INFO:Importing untrained model
2024-09-08 22:10:57,753:INFO:AdaBoost Regressor Imported successfully
2024-09-08 22:10:57,753:INFO:Starting cross validation
2024-09-08 22:10:57,753:INFO:Cross validating with KFold(n_splits=10, random_state=None, shuffle=False), n_jobs=-1
2024-09-08 22:10:57,878:INFO:Calculating mean and std
2024-09-08 22:10:57,878:INFO:Creating metrics dataframe
2024-09-08 22:10:57,879:INFO:Uploading results into container
2024-09-08 22:10:57,879:INFO:Uploading model into container now
2024-09-08 22:10:57,880:INFO:_master_model_container: 15
2024-09-08 22:10:57,880:INFO:_display_container: 2
2024-09-08 22:10:57,880:INFO:AdaBoostRegressor(random_state=5511)
2024-09-08 22:10:57,880:INFO:create_model() successfully completed......................................
2024-09-08 22:10:57,943:INFO:SubProcess create_model() end ==================================
2024-09-08 22:10:57,943:INFO:Creating metrics dataframe
2024-09-08 22:10:57,945:INFO:Initializing Gradient Boosting Regressor
2024-09-08 22:10:57,945:INFO:Total runtime is 0.1041004697481791 minutes
2024-09-08 22:10:57,945:INFO:SubProcess create_model() called ==================================
2024-09-08 22:10:57,945:INFO:Initializing create_model()
2024-09-08 22:10:57,945:INFO:create_model(self=<pycaret.regression.oop.RegressionExperiment object at 0x100b73e80>, estimator=gbr, fold=KFold(n_splits=10, random_state=None, shuffle=False), round=4, cross_validation=True, predict=True, fit_kwargs={}, groups=None, refit=False, probability_threshold=None, experiment_custom_tags=None, verbose=False, system=False, add_to_model_list=True, metrics=None, display=<pycaret.internal.display.display.CommonDisplay object at 0x172c0bd00>, model_only=True, return_train_score=False, error_score=0.0, kwargs={})
2024-09-08 22:10:57,945:INFO:Checking exceptions
2024-09-08 22:10:57,945:INFO:Importing libraries
2024-09-08 22:10:57,945:INFO:Copying training dataset
2024-09-08 22:10:57,946:INFO:Defining folds
2024-09-08 22:10:57,946:INFO:Declaring metric variables
2024-09-08 22:10:57,946:INFO:Importing untrained model
2024-09-08 22:10:57,946:INFO:Gradient Boosting Regressor Imported successfully
2024-09-08 22:10:57,946:INFO:Starting cross validation
2024-09-08 22:10:57,947:INFO:Cross validating with KFold(n_splits=10, random_state=None, shuffle=False), n_jobs=-1
2024-09-08 22:10:58,101:INFO:Calculating mean and std
2024-09-08 22:10:58,101:INFO:Creating metrics dataframe
2024-09-08 22:10:58,103:INFO:Uploading results into container
2024-09-08 22:10:58,103:INFO:Uploading model into container now
2024-09-08 22:10:58,103:INFO:_master_model_container: 16
2024-09-08 22:10:58,103:INFO:_display_container: 2
2024-09-08 22:10:58,103:INFO:GradientBoostingRegressor(random_state=5511)
2024-09-08 22:10:58,103:INFO:create_model() successfully completed......................................
2024-09-08 22:10:58,161:INFO:SubProcess create_model() end ==================================
2024-09-08 22:10:58,161:INFO:Creating metrics dataframe
2024-09-08 22:10:58,163:INFO:Initializing Extreme Gradient Boosting
2024-09-08 22:10:58,163:INFO:Total runtime is 0.10774329900741576 minutes
2024-09-08 22:10:58,163:INFO:SubProcess create_model() called ==================================
2024-09-08 22:10:58,163:INFO:Initializing create_model()
2024-09-08 22:10:58,163:INFO:create_model(self=<pycaret.regression.oop.RegressionExperiment object at 0x100b73e80>, estimator=xgboost, fold=KFold(n_splits=10, random_state=None, shuffle=False), round=4, cross_validation=True, predict=True, fit_kwargs={}, groups=None, refit=False, probability_threshold=None, experiment_custom_tags=None, verbose=False, system=False, add_to_model_list=True, metrics=None, display=<pycaret.internal.display.display.CommonDisplay object at 0x172c0bd00>, model_only=True, return_train_score=False, error_score=0.0, kwargs={})
2024-09-08 22:10:58,163:INFO:Checking exceptions
2024-09-08 22:10:58,163:INFO:Importing libraries
2024-09-08 22:10:58,163:INFO:Copying training dataset
2024-09-08 22:10:58,165:INFO:Defining folds
2024-09-08 22:10:58,165:INFO:Declaring metric variables
2024-09-08 22:10:58,165:INFO:Importing untrained model
2024-09-08 22:10:58,165:INFO:Extreme Gradient Boosting Imported successfully
2024-09-08 22:10:58,165:INFO:Starting cross validation
2024-09-08 22:10:58,165:INFO:Cross validating with KFold(n_splits=10, random_state=None, shuffle=False), n_jobs=-1
2024-09-08 22:10:58,401:INFO:Calculating mean and std
2024-09-08 22:10:58,401:INFO:Creating metrics dataframe
2024-09-08 22:10:58,403:INFO:Uploading results into container
2024-09-08 22:10:58,403:INFO:Uploading model into container now
2024-09-08 22:10:58,403:INFO:_master_model_container: 17
2024-09-08 22:10:58,403:INFO:_display_container: 2
2024-09-08 22:10:58,403:INFO:XGBRegressor(base_score=None, booster='gbtree', callbacks=None,
             colsample_bylevel=None, colsample_bynode=None,
             colsample_bytree=None, device='cpu', early_stopping_rounds=None,
             enable_categorical=False, eval_metric=None, feature_types=None,
             gamma=None, grow_policy=None, importance_type=None,
             interaction_constraints=None, learning_rate=None, max_bin=None,
             max_cat_threshold=None, max_cat_to_onehot=None,
             max_delta_step=None, max_depth=None, max_leaves=None,
             min_child_weight=None, missing=nan, monotone_constraints=None,
             multi_strategy=None, n_estimators=None, n_jobs=-1,
             num_parallel_tree=None, random_state=5511, ...)
2024-09-08 22:10:58,403:INFO:create_model() successfully completed......................................
2024-09-08 22:10:58,461:INFO:SubProcess create_model() end ==================================
2024-09-08 22:10:58,461:INFO:Creating metrics dataframe
2024-09-08 22:10:58,463:INFO:Initializing Light Gradient Boosting Machine
2024-09-08 22:10:58,463:INFO:Total runtime is 0.11274076700210571 minutes
2024-09-08 22:10:58,463:INFO:SubProcess create_model() called ==================================
2024-09-08 22:10:58,463:INFO:Initializing create_model()
2024-09-08 22:10:58,463:INFO:create_model(self=<pycaret.regression.oop.RegressionExperiment object at 0x100b73e80>, estimator=lightgbm, fold=KFold(n_splits=10, random_state=None, shuffle=False), round=4, cross_validation=True, predict=True, fit_kwargs={}, groups=None, refit=False, probability_threshold=None, experiment_custom_tags=None, verbose=False, system=False, add_to_model_list=True, metrics=None, display=<pycaret.internal.display.display.CommonDisplay object at 0x172c0bd00>, model_only=True, return_train_score=False, error_score=0.0, kwargs={})
2024-09-08 22:10:58,463:INFO:Checking exceptions
2024-09-08 22:10:58,463:INFO:Importing libraries
2024-09-08 22:10:58,463:INFO:Copying training dataset
2024-09-08 22:10:58,464:INFO:Defining folds
2024-09-08 22:10:58,464:INFO:Declaring metric variables
2024-09-08 22:10:58,464:INFO:Importing untrained model
2024-09-08 22:10:58,465:INFO:Light Gradient Boosting Machine Imported successfully
2024-09-08 22:10:58,465:INFO:Starting cross validation
2024-09-08 22:10:58,465:INFO:Cross validating with KFold(n_splits=10, random_state=None, shuffle=False), n_jobs=-1
2024-09-08 22:10:59,325:INFO:Calculating mean and std
2024-09-08 22:10:59,325:INFO:Creating metrics dataframe
2024-09-08 22:10:59,327:INFO:Uploading results into container
2024-09-08 22:10:59,328:INFO:Uploading model into container now
2024-09-08 22:10:59,328:INFO:_master_model_container: 18
2024-09-08 22:10:59,328:INFO:_display_container: 2
2024-09-08 22:10:59,328:INFO:LGBMRegressor(n_jobs=-1, random_state=5511)
2024-09-08 22:10:59,328:INFO:create_model() successfully completed......................................
2024-09-08 22:10:59,388:INFO:SubProcess create_model() end ==================================
2024-09-08 22:10:59,388:INFO:Creating metrics dataframe
2024-09-08 22:10:59,390:INFO:Initializing CatBoost Regressor
2024-09-08 22:10:59,390:INFO:Total runtime is 0.12819052139918008 minutes
2024-09-08 22:10:59,390:INFO:SubProcess create_model() called ==================================
2024-09-08 22:10:59,390:INFO:Initializing create_model()
2024-09-08 22:10:59,390:INFO:create_model(self=<pycaret.regression.oop.RegressionExperiment object at 0x100b73e80>, estimator=catboost, fold=KFold(n_splits=10, random_state=None, shuffle=False), round=4, cross_validation=True, predict=True, fit_kwargs={}, groups=None, refit=False, probability_threshold=None, experiment_custom_tags=None, verbose=False, system=False, add_to_model_list=True, metrics=None, display=<pycaret.internal.display.display.CommonDisplay object at 0x172c0bd00>, model_only=True, return_train_score=False, error_score=0.0, kwargs={})
2024-09-08 22:10:59,390:INFO:Checking exceptions
2024-09-08 22:10:59,390:INFO:Importing libraries
2024-09-08 22:10:59,390:INFO:Copying training dataset
2024-09-08 22:10:59,391:INFO:Defining folds
2024-09-08 22:10:59,391:INFO:Declaring metric variables
2024-09-08 22:10:59,391:INFO:Importing untrained model
2024-09-08 22:10:59,394:INFO:CatBoost Regressor Imported successfully
2024-09-08 22:10:59,394:INFO:Starting cross validation
2024-09-08 22:10:59,395:INFO:Cross validating with KFold(n_splits=10, random_state=None, shuffle=False), n_jobs=-1
2024-09-08 22:11:02,254:INFO:Calculating mean and std
2024-09-08 22:11:02,255:INFO:Creating metrics dataframe
2024-09-08 22:11:02,257:INFO:Uploading results into container
2024-09-08 22:11:02,257:INFO:Uploading model into container now
2024-09-08 22:11:02,257:INFO:_master_model_container: 19
2024-09-08 22:11:02,257:INFO:_display_container: 2
2024-09-08 22:11:02,257:INFO:<catboost.core.CatBoostRegressor object at 0x175f91d60>
2024-09-08 22:11:02,257:INFO:create_model() successfully completed......................................
2024-09-08 22:11:02,380:INFO:SubProcess create_model() end ==================================
2024-09-08 22:11:02,380:INFO:Creating metrics dataframe
2024-09-08 22:11:02,382:INFO:Initializing Dummy Regressor
2024-09-08 22:11:02,382:INFO:Total runtime is 0.1780490517616272 minutes
2024-09-08 22:11:02,382:INFO:SubProcess create_model() called ==================================
2024-09-08 22:11:02,382:INFO:Initializing create_model()
2024-09-08 22:11:02,382:INFO:create_model(self=<pycaret.regression.oop.RegressionExperiment object at 0x100b73e80>, estimator=dummy, fold=KFold(n_splits=10, random_state=None, shuffle=False), round=4, cross_validation=True, predict=True, fit_kwargs={}, groups=None, refit=False, probability_threshold=None, experiment_custom_tags=None, verbose=False, system=False, add_to_model_list=True, metrics=None, display=<pycaret.internal.display.display.CommonDisplay object at 0x172c0bd00>, model_only=True, return_train_score=False, error_score=0.0, kwargs={})
2024-09-08 22:11:02,382:INFO:Checking exceptions
2024-09-08 22:11:02,382:INFO:Importing libraries
2024-09-08 22:11:02,382:INFO:Copying training dataset
2024-09-08 22:11:02,383:INFO:Defining folds
2024-09-08 22:11:02,383:INFO:Declaring metric variables
2024-09-08 22:11:02,383:INFO:Importing untrained model
2024-09-08 22:11:02,383:INFO:Dummy Regressor Imported successfully
2024-09-08 22:11:02,383:INFO:Starting cross validation
2024-09-08 22:11:02,384:INFO:Cross validating with KFold(n_splits=10, random_state=None, shuffle=False), n_jobs=-1
2024-09-08 22:11:02,438:INFO:Calculating mean and std
2024-09-08 22:11:02,438:INFO:Creating metrics dataframe
2024-09-08 22:11:02,439:INFO:Uploading results into container
2024-09-08 22:11:02,439:INFO:Uploading model into container now
2024-09-08 22:11:02,439:INFO:_master_model_container: 20
2024-09-08 22:11:02,439:INFO:_display_container: 2
2024-09-08 22:11:02,440:INFO:DummyRegressor()
2024-09-08 22:11:02,440:INFO:create_model() successfully completed......................................
2024-09-08 22:11:02,496:INFO:SubProcess create_model() end ==================================
2024-09-08 22:11:02,496:INFO:Creating metrics dataframe
2024-09-08 22:11:02,499:INFO:Initializing create_model()
2024-09-08 22:11:02,499:INFO:create_model(self=<pycaret.regression.oop.RegressionExperiment object at 0x100b73e80>, estimator=<catboost.core.CatBoostRegressor object at 0x175f91d60>, fold=KFold(n_splits=10, random_state=None, shuffle=False), round=4, cross_validation=False, predict=False, fit_kwargs={}, groups=None, refit=True, probability_threshold=None, experiment_custom_tags=None, verbose=False, system=False, add_to_model_list=True, metrics=None, display=None, model_only=True, return_train_score=False, error_score=0.0, kwargs={})
2024-09-08 22:11:02,499:INFO:Checking exceptions
2024-09-08 22:11:02,499:INFO:Importing libraries
2024-09-08 22:11:02,499:INFO:Copying training dataset
2024-09-08 22:11:02,501:INFO:Defining folds
2024-09-08 22:11:02,501:INFO:Declaring metric variables
2024-09-08 22:11:02,501:INFO:Importing untrained model
2024-09-08 22:11:02,501:INFO:Declaring custom model
2024-09-08 22:11:02,501:INFO:CatBoost Regressor Imported successfully
2024-09-08 22:11:02,501:INFO:Cross validation set to False
2024-09-08 22:11:02,501:INFO:Fitting Model
2024-09-08 22:11:03,130:INFO:<catboost.core.CatBoostRegressor object at 0x175f91b80>
2024-09-08 22:11:03,130:INFO:create_model() successfully completed......................................
2024-09-08 22:11:03,189:INFO:Initializing create_model()
2024-09-08 22:11:03,189:INFO:create_model(self=<pycaret.regression.oop.RegressionExperiment object at 0x100b73e80>, estimator=ExtraTreesRegressor(n_jobs=-1, random_state=5511), fold=KFold(n_splits=10, random_state=None, shuffle=False), round=4, cross_validation=False, predict=False, fit_kwargs={}, groups=None, refit=True, probability_threshold=None, experiment_custom_tags=None, verbose=False, system=False, add_to_model_list=True, metrics=None, display=None, model_only=True, return_train_score=False, error_score=0.0, kwargs={})
2024-09-08 22:11:03,189:INFO:Checking exceptions
2024-09-08 22:11:03,190:INFO:Importing libraries
2024-09-08 22:11:03,190:INFO:Copying training dataset
2024-09-08 22:11:03,191:INFO:Defining folds
2024-09-08 22:11:03,191:INFO:Declaring metric variables
2024-09-08 22:11:03,191:INFO:Importing untrained model
2024-09-08 22:11:03,191:INFO:Declaring custom model
2024-09-08 22:11:03,191:INFO:Extra Trees Regressor Imported successfully
2024-09-08 22:11:03,191:INFO:Cross validation set to False
2024-09-08 22:11:03,192:INFO:Fitting Model
2024-09-08 22:11:03,260:INFO:ExtraTreesRegressor(n_jobs=-1, random_state=5511)
2024-09-08 22:11:03,260:INFO:create_model() successfully completed......................................
2024-09-08 22:11:03,317:INFO:Initializing create_model()
2024-09-08 22:11:03,317:INFO:create_model(self=<pycaret.regression.oop.RegressionExperiment object at 0x100b73e80>, estimator=LGBMRegressor(n_jobs=-1, random_state=5511), fold=KFold(n_splits=10, random_state=None, shuffle=False), round=4, cross_validation=False, predict=False, fit_kwargs={}, groups=None, refit=True, probability_threshold=None, experiment_custom_tags=None, verbose=False, system=False, add_to_model_list=True, metrics=None, display=None, model_only=True, return_train_score=False, error_score=0.0, kwargs={})
2024-09-08 22:11:03,317:INFO:Checking exceptions
2024-09-08 22:11:03,318:INFO:Importing libraries
2024-09-08 22:11:03,318:INFO:Copying training dataset
2024-09-08 22:11:03,319:INFO:Defining folds
2024-09-08 22:11:03,319:INFO:Declaring metric variables
2024-09-08 22:11:03,319:INFO:Importing untrained model
2024-09-08 22:11:03,319:INFO:Declaring custom model
2024-09-08 22:11:03,319:INFO:Light Gradient Boosting Machine Imported successfully
2024-09-08 22:11:03,319:INFO:Cross validation set to False
2024-09-08 22:11:03,319:INFO:Fitting Model
2024-09-08 22:11:03,327:INFO:[LightGBM] [Warning] Found whitespace in feature_names, replace with underlines
2024-09-08 22:11:03,327:INFO:[LightGBM] [Info] Auto-choosing col-wise multi-threading, the overhead of testing was 0.000189 seconds.
2024-09-08 22:11:03,327:INFO:You can set `force_col_wise=true` to remove the overhead.
2024-09-08 22:11:03,327:INFO:[LightGBM] [Info] Total Bins 723
2024-09-08 22:11:03,327:INFO:[LightGBM] [Info] Number of data points in the train set: 275, number of used features: 12
2024-09-08 22:11:03,328:INFO:[LightGBM] [Info] Start training from score 25.022182
2024-09-08 22:11:03,329:INFO:[LightGBM] [Warning] No further splits with positive gain, best gain: -inf
2024-09-08 22:11:03,330:INFO:[LightGBM] [Warning] No further splits with positive gain, best gain: -inf
2024-09-08 22:11:03,331:INFO:[LightGBM] [Warning] No further splits with positive gain, best gain: -inf
2024-09-08 22:11:03,332:INFO:[LightGBM] [Warning] No further splits with positive gain, best gain: -inf
2024-09-08 22:11:03,333:INFO:[LightGBM] [Warning] No further splits with positive gain, best gain: -inf
2024-09-08 22:11:03,334:INFO:[LightGBM] [Warning] No further splits with positive gain, best gain: -inf
2024-09-08 22:11:03,335:INFO:[LightGBM] [Warning] No further splits with positive gain, best gain: -inf
2024-09-08 22:11:03,336:INFO:[LightGBM] [Warning] No further splits with positive gain, best gain: -inf
2024-09-08 22:11:03,337:INFO:[LightGBM] [Warning] No further splits with positive gain, best gain: -inf
2024-09-08 22:11:03,338:INFO:[LightGBM] [Warning] No further splits with positive gain, best gain: -inf
2024-09-08 22:11:03,338:INFO:[LightGBM] [Warning] No further splits with positive gain, best gain: -inf
2024-09-08 22:11:03,339:INFO:[LightGBM] [Warning] No further splits with positive gain, best gain: -inf
2024-09-08 22:11:03,340:INFO:[LightGBM] [Warning] No further splits with positive gain, best gain: -inf
2024-09-08 22:11:03,341:INFO:[LightGBM] [Warning] No further splits with positive gain, best gain: -inf
2024-09-08 22:11:03,341:INFO:[LightGBM] [Warning] No further splits with positive gain, best gain: -inf
2024-09-08 22:11:03,342:INFO:[LightGBM] [Warning] No further splits with positive gain, best gain: -inf
2024-09-08 22:11:03,343:INFO:[LightGBM] [Warning] No further splits with positive gain, best gain: -inf
2024-09-08 22:11:03,343:INFO:[LightGBM] [Warning] No further splits with positive gain, best gain: -inf
2024-09-08 22:11:03,344:INFO:[LightGBM] [Warning] No further splits with positive gain, best gain: -inf
2024-09-08 22:11:03,345:INFO:[LightGBM] [Warning] No further splits with positive gain, best gain: -inf
2024-09-08 22:11:03,346:INFO:[LightGBM] [Warning] No further splits with positive gain, best gain: -inf
2024-09-08 22:11:03,346:INFO:[LightGBM] [Warning] No further splits with positive gain, best gain: -inf
2024-09-08 22:11:03,347:INFO:[LightGBM] [Warning] No further splits with positive gain, best gain: -inf
2024-09-08 22:11:03,348:INFO:[LightGBM] [Warning] No further splits with positive gain, best gain: -inf
2024-09-08 22:11:03,348:INFO:[LightGBM] [Warning] No further splits with positive gain, best gain: -inf
2024-09-08 22:11:03,349:INFO:[LightGBM] [Warning] No further splits with positive gain, best gain: -inf
2024-09-08 22:11:03,350:INFO:[LightGBM] [Warning] No further splits with positive gain, best gain: -inf
2024-09-08 22:11:03,350:INFO:[LightGBM] [Warning] No further splits with positive gain, best gain: -inf
2024-09-08 22:11:03,351:INFO:[LightGBM] [Warning] No further splits with positive gain, best gain: -inf
2024-09-08 22:11:03,351:INFO:[LightGBM] [Warning] No further splits with positive gain, best gain: -inf
2024-09-08 22:11:03,352:INFO:[LightGBM] [Warning] No further splits with positive gain, best gain: -inf
2024-09-08 22:11:03,353:INFO:[LightGBM] [Warning] No further splits with positive gain, best gain: -inf
2024-09-08 22:11:03,353:INFO:[LightGBM] [Warning] No further splits with positive gain, best gain: -inf
2024-09-08 22:11:03,354:INFO:[LightGBM] [Warning] No further splits with positive gain, best gain: -inf
2024-09-08 22:11:03,355:INFO:[LightGBM] [Warning] No further splits with positive gain, best gain: -inf
2024-09-08 22:11:03,356:INFO:[LightGBM] [Warning] No further splits with positive gain, best gain: -inf
2024-09-08 22:11:03,356:INFO:[LightGBM] [Warning] No further splits with positive gain, best gain: -inf
2024-09-08 22:11:03,357:INFO:[LightGBM] [Warning] No further splits with positive gain, best gain: -inf
2024-09-08 22:11:03,358:INFO:[LightGBM] [Warning] No further splits with positive gain, best gain: -inf
2024-09-08 22:11:03,358:INFO:[LightGBM] [Warning] No further splits with positive gain, best gain: -inf
2024-09-08 22:11:03,359:INFO:[LightGBM] [Warning] No further splits with positive gain, best gain: -inf
2024-09-08 22:11:03,360:INFO:[LightGBM] [Warning] No further splits with positive gain, best gain: -inf
2024-09-08 22:11:03,361:INFO:[LightGBM] [Warning] No further splits with positive gain, best gain: -inf
2024-09-08 22:11:03,361:INFO:[LightGBM] [Warning] No further splits with positive gain, best gain: -inf
2024-09-08 22:11:03,362:INFO:[LightGBM] [Warning] No further splits with positive gain, best gain: -inf
2024-09-08 22:11:03,363:INFO:[LightGBM] [Warning] No further splits with positive gain, best gain: -inf
2024-09-08 22:11:03,363:INFO:[LightGBM] [Warning] No further splits with positive gain, best gain: -inf
2024-09-08 22:11:03,364:INFO:[LightGBM] [Warning] No further splits with positive gain, best gain: -inf
2024-09-08 22:11:03,365:INFO:[LightGBM] [Warning] No further splits with positive gain, best gain: -inf
2024-09-08 22:11:03,365:INFO:[LightGBM] [Warning] No further splits with positive gain, best gain: -inf
2024-09-08 22:11:03,366:INFO:[LightGBM] [Warning] No further splits with positive gain, best gain: -inf
2024-09-08 22:11:03,367:INFO:[LightGBM] [Warning] No further splits with positive gain, best gain: -inf
2024-09-08 22:11:03,367:INFO:[LightGBM] [Warning] No further splits with positive gain, best gain: -inf
2024-09-08 22:11:03,368:INFO:[LightGBM] [Warning] No further splits with positive gain, best gain: -inf
2024-09-08 22:11:03,369:INFO:[LightGBM] [Warning] No further splits with positive gain, best gain: -inf
2024-09-08 22:11:03,369:INFO:[LightGBM] [Warning] No further splits with positive gain, best gain: -inf
2024-09-08 22:11:03,370:INFO:[LightGBM] [Warning] No further splits with positive gain, best gain: -inf
2024-09-08 22:11:03,371:INFO:[LightGBM] [Warning] No further splits with positive gain, best gain: -inf
2024-09-08 22:11:03,372:INFO:[LightGBM] [Warning] No further splits with positive gain, best gain: -inf
2024-09-08 22:11:03,372:INFO:[LightGBM] [Warning] No further splits with positive gain, best gain: -inf
2024-09-08 22:11:03,373:INFO:[LightGBM] [Warning] No further splits with positive gain, best gain: -inf
2024-09-08 22:11:03,374:INFO:[LightGBM] [Warning] No further splits with positive gain, best gain: -inf
2024-09-08 22:11:03,374:INFO:[LightGBM] [Warning] No further splits with positive gain, best gain: -inf
2024-09-08 22:11:03,375:INFO:[LightGBM] [Warning] No further splits with positive gain, best gain: -inf
2024-09-08 22:11:03,376:INFO:[LightGBM] [Warning] No further splits with positive gain, best gain: -inf
2024-09-08 22:11:03,377:INFO:[LightGBM] [Warning] No further splits with positive gain, best gain: -inf
2024-09-08 22:11:03,377:INFO:[LightGBM] [Warning] No further splits with positive gain, best gain: -inf
2024-09-08 22:11:03,378:INFO:[LightGBM] [Warning] No further splits with positive gain, best gain: -inf
2024-09-08 22:11:03,379:INFO:[LightGBM] [Warning] No further splits with positive gain, best gain: -inf
2024-09-08 22:11:03,379:INFO:[LightGBM] [Warning] No further splits with positive gain, best gain: -inf
2024-09-08 22:11:03,380:INFO:[LightGBM] [Warning] No further splits with positive gain, best gain: -inf
2024-09-08 22:11:03,380:INFO:[LightGBM] [Warning] No further splits with positive gain, best gain: -inf
2024-09-08 22:11:03,381:INFO:[LightGBM] [Warning] No further splits with positive gain, best gain: -inf
2024-09-08 22:11:03,382:INFO:[LightGBM] [Warning] No further splits with positive gain, best gain: -inf
2024-09-08 22:11:03,383:INFO:[LightGBM] [Warning] No further splits with positive gain, best gain: -inf
2024-09-08 22:11:03,383:INFO:[LightGBM] [Warning] No further splits with positive gain, best gain: -inf
2024-09-08 22:11:03,384:INFO:[LightGBM] [Warning] No further splits with positive gain, best gain: -inf
2024-09-08 22:11:03,385:INFO:[LightGBM] [Warning] No further splits with positive gain, best gain: -inf
2024-09-08 22:11:03,385:INFO:[LightGBM] [Warning] No further splits with positive gain, best gain: -inf
2024-09-08 22:11:03,386:INFO:[LightGBM] [Warning] No further splits with positive gain, best gain: -inf
2024-09-08 22:11:03,387:INFO:[LightGBM] [Warning] No further splits with positive gain, best gain: -inf
2024-09-08 22:11:03,388:INFO:[LightGBM] [Warning] No further splits with positive gain, best gain: -inf
2024-09-08 22:11:03,388:INFO:[LightGBM] [Warning] No further splits with positive gain, best gain: -inf
2024-09-08 22:11:03,389:INFO:[LightGBM] [Warning] No further splits with positive gain, best gain: -inf
2024-09-08 22:11:03,390:INFO:[LightGBM] [Warning] No further splits with positive gain, best gain: -inf
2024-09-08 22:11:03,391:INFO:[LightGBM] [Warning] No further splits with positive gain, best gain: -inf
2024-09-08 22:11:03,391:INFO:[LightGBM] [Warning] No further splits with positive gain, best gain: -inf
2024-09-08 22:11:03,392:INFO:[LightGBM] [Warning] No further splits with positive gain, best gain: -inf
2024-09-08 22:11:03,393:INFO:[LightGBM] [Warning] No further splits with positive gain, best gain: -inf
2024-09-08 22:11:03,393:INFO:[LightGBM] [Warning] No further splits with positive gain, best gain: -inf
2024-09-08 22:11:03,394:INFO:[LightGBM] [Warning] No further splits with positive gain, best gain: -inf
2024-09-08 22:11:03,395:INFO:[LightGBM] [Warning] No further splits with positive gain, best gain: -inf
2024-09-08 22:11:03,395:INFO:[LightGBM] [Warning] No further splits with positive gain, best gain: -inf
2024-09-08 22:11:03,396:INFO:[LightGBM] [Warning] No further splits with positive gain, best gain: -inf
2024-09-08 22:11:03,397:INFO:[LightGBM] [Warning] No further splits with positive gain, best gain: -inf
2024-09-08 22:11:03,398:INFO:[LightGBM] [Warning] No further splits with positive gain, best gain: -inf
2024-09-08 22:11:03,398:INFO:[LightGBM] [Warning] No further splits with positive gain, best gain: -inf
2024-09-08 22:11:03,399:INFO:[LightGBM] [Warning] No further splits with positive gain, best gain: -inf
2024-09-08 22:11:03,400:INFO:[LightGBM] [Warning] No further splits with positive gain, best gain: -inf
2024-09-08 22:11:03,400:INFO:[LightGBM] [Warning] No further splits with positive gain, best gain: -inf
2024-09-08 22:11:03,402:INFO:LGBMRegressor(n_jobs=-1, random_state=5511)
2024-09-08 22:11:03,402:INFO:create_model() successfully completed......................................
2024-09-08 22:11:03,458:INFO:Initializing create_model()
2024-09-08 22:11:03,458:INFO:create_model(self=<pycaret.regression.oop.RegressionExperiment object at 0x100b73e80>, estimator=GradientBoostingRegressor(random_state=5511), fold=KFold(n_splits=10, random_state=None, shuffle=False), round=4, cross_validation=False, predict=False, fit_kwargs={}, groups=None, refit=True, probability_threshold=None, experiment_custom_tags=None, verbose=False, system=False, add_to_model_list=True, metrics=None, display=None, model_only=True, return_train_score=False, error_score=0.0, kwargs={})
2024-09-08 22:11:03,458:INFO:Checking exceptions
2024-09-08 22:11:03,459:INFO:Importing libraries
2024-09-08 22:11:03,459:INFO:Copying training dataset
2024-09-08 22:11:03,460:INFO:Defining folds
2024-09-08 22:11:03,460:INFO:Declaring metric variables
2024-09-08 22:11:03,460:INFO:Importing untrained model
2024-09-08 22:11:03,460:INFO:Declaring custom model
2024-09-08 22:11:03,460:INFO:Gradient Boosting Regressor Imported successfully
2024-09-08 22:11:03,461:INFO:Cross validation set to False
2024-09-08 22:11:03,461:INFO:Fitting Model
2024-09-08 22:11:03,515:INFO:GradientBoostingRegressor(random_state=5511)
2024-09-08 22:11:03,515:INFO:create_model() successfully completed......................................
2024-09-08 22:11:03,571:INFO:Initializing create_model()
2024-09-08 22:11:03,571:INFO:create_model(self=<pycaret.regression.oop.RegressionExperiment object at 0x100b73e80>, estimator=RandomForestRegressor(n_jobs=-1, random_state=5511), fold=KFold(n_splits=10, random_state=None, shuffle=False), round=4, cross_validation=False, predict=False, fit_kwargs={}, groups=None, refit=True, probability_threshold=None, experiment_custom_tags=None, verbose=False, system=False, add_to_model_list=True, metrics=None, display=None, model_only=True, return_train_score=False, error_score=0.0, kwargs={})
2024-09-08 22:11:03,571:INFO:Checking exceptions
2024-09-08 22:11:03,572:INFO:Importing libraries
2024-09-08 22:11:03,572:INFO:Copying training dataset
2024-09-08 22:11:03,573:INFO:Defining folds
2024-09-08 22:11:03,573:INFO:Declaring metric variables
2024-09-08 22:11:03,573:INFO:Importing untrained model
2024-09-08 22:11:03,573:INFO:Declaring custom model
2024-09-08 22:11:03,573:INFO:Random Forest Regressor Imported successfully
2024-09-08 22:11:03,573:INFO:Cross validation set to False
2024-09-08 22:11:03,573:INFO:Fitting Model
2024-09-08 22:11:03,654:INFO:RandomForestRegressor(n_jobs=-1, random_state=5511)
2024-09-08 22:11:03,654:INFO:create_model() successfully completed......................................
2024-09-08 22:11:03,716:INFO:_master_model_container: 20
2024-09-08 22:11:03,716:INFO:_display_container: 2
2024-09-08 22:11:03,717:INFO:[<catboost.core.CatBoostRegressor object at 0x175f91b80>, ExtraTreesRegressor(n_jobs=-1, random_state=5511), LGBMRegressor(n_jobs=-1, random_state=5511), GradientBoostingRegressor(random_state=5511), RandomForestRegressor(n_jobs=-1, random_state=5511)]
2024-09-08 22:11:03,717:INFO:compare_models() successfully completed......................................
2024-09-08 22:11:03,717:INFO:Initializing tune_model()
2024-09-08 22:11:03,717:INFO:tune_model(estimator=<catboost.core.CatBoostRegressor object at 0x175f91b80>, fold=None, round=4, n_iter=10, custom_grid=None, optimize=R2, custom_scorer=None, search_library=scikit-learn, search_algorithm=None, early_stopping=False, early_stopping_max_iters=10, choose_better=True, fit_kwargs=None, groups=None, return_tuner=False, verbose=True, tuner_verbose=True, return_train_score=False, kwargs={}, self=<pycaret.regression.oop.RegressionExperiment object at 0x100b73e80>)
2024-09-08 22:11:03,717:INFO:Checking exceptions
2024-09-08 22:11:03,718:INFO:Copying training dataset
2024-09-08 22:11:03,719:INFO:Checking base model
2024-09-08 22:11:03,719:INFO:Base model : CatBoost Regressor
2024-09-08 22:11:03,720:INFO:Declaring metric variables
2024-09-08 22:11:03,720:INFO:Defining Hyperparameters
2024-09-08 22:11:03,779:INFO:Tuning with n_jobs=-1
2024-09-08 22:11:03,779:INFO:Initializing RandomizedSearchCV
2024-09-08 22:11:25,724:INFO:best_params: {'actual_estimator__random_strength': 0.2, 'actual_estimator__n_estimators': 80, 'actual_estimator__l2_leaf_reg': 2, 'actual_estimator__eta': 0.2, 'actual_estimator__depth': 7}
2024-09-08 22:11:25,725:INFO:Hyperparameter search completed
2024-09-08 22:11:25,725:INFO:SubProcess create_model() called ==================================
2024-09-08 22:11:25,726:INFO:Initializing create_model()
2024-09-08 22:11:25,726:INFO:create_model(self=<pycaret.regression.oop.RegressionExperiment object at 0x100b73e80>, estimator=<catboost.core.CatBoostRegressor object at 0x17626d130>, fold=KFold(n_splits=10, random_state=None, shuffle=False), round=4, cross_validation=True, predict=True, fit_kwargs={}, groups=None, refit=True, probability_threshold=None, experiment_custom_tags=None, verbose=True, system=False, add_to_model_list=True, metrics=None, display=<pycaret.internal.display.display.CommonDisplay object at 0x175f91df0>, model_only=True, return_train_score=False, error_score=0.0, kwargs={'random_strength': 0.2, 'n_estimators': 80, 'l2_leaf_reg': 2, 'eta': 0.2, 'depth': 7})
2024-09-08 22:11:25,726:INFO:Checking exceptions
2024-09-08 22:11:25,726:INFO:Importing libraries
2024-09-08 22:11:25,726:INFO:Copying training dataset
2024-09-08 22:11:25,729:INFO:Defining folds
2024-09-08 22:11:25,729:INFO:Declaring metric variables
2024-09-08 22:11:25,729:INFO:Importing untrained model
2024-09-08 22:11:25,729:INFO:Declaring custom model
2024-09-08 22:11:25,730:INFO:CatBoost Regressor Imported successfully
2024-09-08 22:11:25,730:INFO:Starting cross validation
2024-09-08 22:11:25,731:INFO:Cross validating with KFold(n_splits=10, random_state=None, shuffle=False), n_jobs=-1
2024-09-08 22:11:26,134:INFO:Calculating mean and std
2024-09-08 22:11:26,134:INFO:Creating metrics dataframe
2024-09-08 22:11:26,136:INFO:Finalizing model
2024-09-08 22:11:26,211:INFO:Uploading results into container
2024-09-08 22:11:26,211:INFO:Uploading model into container now
2024-09-08 22:11:26,211:INFO:_master_model_container: 21
2024-09-08 22:11:26,212:INFO:_display_container: 3
2024-09-08 22:11:26,212:INFO:<catboost.core.CatBoostRegressor object at 0x175c90250>
2024-09-08 22:11:26,212:INFO:create_model() successfully completed......................................
2024-09-08 22:11:26,307:INFO:SubProcess create_model() end ==================================
2024-09-08 22:11:26,307:INFO:choose_better activated
2024-09-08 22:11:26,307:INFO:SubProcess create_model() called ==================================
2024-09-08 22:11:26,307:INFO:Initializing create_model()
2024-09-08 22:11:26,307:INFO:create_model(self=<pycaret.regression.oop.RegressionExperiment object at 0x100b73e80>, estimator=<catboost.core.CatBoostRegressor object at 0x175f91b80>, fold=KFold(n_splits=10, random_state=None, shuffle=False), round=4, cross_validation=True, predict=True, fit_kwargs={}, groups=None, refit=True, probability_threshold=None, experiment_custom_tags=None, verbose=False, system=False, add_to_model_list=True, metrics=None, display=None, model_only=True, return_train_score=False, error_score=0.0, kwargs={})
2024-09-08 22:11:26,307:INFO:Checking exceptions
2024-09-08 22:11:26,308:INFO:Importing libraries
2024-09-08 22:11:26,308:INFO:Copying training dataset
2024-09-08 22:11:26,309:INFO:Defining folds
2024-09-08 22:11:26,309:INFO:Declaring metric variables
2024-09-08 22:11:26,309:INFO:Importing untrained model
2024-09-08 22:11:26,309:INFO:Declaring custom model
2024-09-08 22:11:26,309:INFO:CatBoost Regressor Imported successfully
2024-09-08 22:11:26,309:INFO:Starting cross validation
2024-09-08 22:11:26,310:INFO:Cross validating with KFold(n_splits=10, random_state=None, shuffle=False), n_jobs=-1
2024-09-08 22:11:28,613:INFO:Calculating mean and std
2024-09-08 22:11:28,613:INFO:Creating metrics dataframe
2024-09-08 22:11:28,614:INFO:Finalizing model
2024-09-08 22:11:29,160:INFO:Uploading results into container
2024-09-08 22:11:29,160:INFO:Uploading model into container now
2024-09-08 22:11:29,160:INFO:_master_model_container: 22
2024-09-08 22:11:29,160:INFO:_display_container: 4
2024-09-08 22:11:29,160:INFO:<catboost.core.CatBoostRegressor object at 0x176185100>
2024-09-08 22:11:29,160:INFO:create_model() successfully completed......................................
2024-09-08 22:11:29,216:INFO:SubProcess create_model() end ==================================
2024-09-08 22:11:29,216:INFO:<catboost.core.CatBoostRegressor object at 0x176185100> result for R2 is 0.8594
2024-09-08 22:11:29,216:INFO:<catboost.core.CatBoostRegressor object at 0x175c90250> result for R2 is 0.8463
2024-09-08 22:11:29,217:INFO:<catboost.core.CatBoostRegressor object at 0x176185100> is best model
2024-09-08 22:11:29,217:INFO:choose_better completed
2024-09-08 22:11:29,217:INFO:Original model was better than the tuned model, hence it will be returned. NOTE: The display metrics are for the tuned model (not the original one).
2024-09-08 22:11:29,220:INFO:_master_model_container: 22
2024-09-08 22:11:29,220:INFO:_display_container: 3
2024-09-08 22:11:29,220:INFO:<catboost.core.CatBoostRegressor object at 0x176185100>
2024-09-08 22:11:29,220:INFO:tune_model() successfully completed......................................
2024-09-08 22:11:29,310:INFO:Initializing plot_model()
2024-09-08 22:11:29,310:INFO:plot_model(plot=residuals, fold=None, verbose=True, display=None, display_format=None, estimator=<catboost.core.CatBoostRegressor object at 0x176185100>, feature_name=None, fit_kwargs=None, groups=None, label=False, plot_kwargs=None, save=False, scale=1, self=<pycaret.regression.oop.RegressionExperiment object at 0x100b73e80>, system=True)
2024-09-08 22:11:29,310:INFO:Checking exceptions
2024-09-08 22:11:29,311:INFO:Preloading libraries
2024-09-08 22:11:29,311:INFO:Copying training dataset
2024-09-08 22:11:29,311:INFO:Plot type: residuals
2024-09-08 22:11:29,614:INFO:Fitting Model
2024-09-08 22:11:29,629:INFO:Scoring test/hold-out set
2024-09-08 22:11:56,179:INFO:Visual Rendered Successfully
2024-09-08 22:11:56,274:INFO:plot_model() successfully completed......................................
2024-09-08 22:11:56,275:INFO:Initializing predict_model()
2024-09-08 22:11:56,275:INFO:predict_model(self=<pycaret.regression.oop.RegressionExperiment object at 0x100b73e80>, estimator=<catboost.core.CatBoostRegressor object at 0x176185100>, probability_threshold=None, encoded_labels=False, raw_score=False, round=4, verbose=True, ml_usecase=None, preprocess=True, encode_labels=<function _SupervisedExperiment.predict_model.<locals>.encode_labels at 0x176052ee0>)
2024-09-08 22:11:56,275:INFO:Checking exceptions
2024-09-08 22:11:56,275:INFO:Preloading libraries
2024-09-08 22:11:56,366:INFO:Initializing save_model()
2024-09-08 22:11:56,366:INFO:save_model(model=<catboost.core.CatBoostRegressor object at 0x176185100>, model_name=tuned_pipeline, prep_pipe_=Pipeline(memory=FastMemory(location=/var/folders/wy/jnvc0nfs4qg1_ygx56n1_lqm0000gn/T/joblib),
         steps=[('numerical_imputer',
                 TransformerWrapper(include=['Unnamed: 0', 'crim', 'zn', 'chas',
                                             'nox', 'rm', 'age', 'dis', 'rad',
                                             'ptratio', 'b', 'lstat'],
                                    transformer=SimpleImputer())),
                ('categorical_imputer',
                 TransformerWrapper(include=[],
                                    transformer=SimpleImputer(strategy='most_frequent'))),
                ('normalize', TransformerWrapper(transformer=StandardScaler())),
                ('clean_column_names',
                 TransformerWrapper(transformer=CleanColumnNames()))]), verbose=True, use_case=MLUsecase.REGRESSION, kwargs={})
2024-09-08 22:11:56,366:INFO:Adding model into prep_pipe
2024-09-08 22:11:56,371:INFO:tuned_pipeline.pkl saved in current working directory
2024-09-08 22:11:56,373:INFO:Pipeline(memory=Memory(location=None),
         steps=[('numerical_imputer',
                 TransformerWrapper(include=['Unnamed: 0', 'crim', 'zn', 'chas',
                                             'nox', 'rm', 'age', 'dis', 'rad',
                                             'ptratio', 'b', 'lstat'],
                                    transformer=SimpleImputer())),
                ('categorical_imputer',
                 TransformerWrapper(include=[],
                                    transformer=SimpleImputer(strategy='most_frequent'))),
                ('normalize', TransformerWrapper(transformer=StandardScaler())),
                ('clean_column_names',
                 TransformerWrapper(transformer=CleanColumnNames())),
                ('trained_model',
                 <catboost.core.CatBoostRegressor object at 0x176185100>)])
2024-09-08 22:11:56,373:INFO:save_model() successfully completed......................................
